fileselector/build/intermediates/manifest_merge_blame_file/debug/manifest-merger-blame-debug-report.txt
1<?xml version="1.0" encoding="utf-8"?>
2<manifest xmlns:android="http://schemas.android.com/apk/res/android"
3    package="com.van.fileselector"
4    android:versionCode="1"
5    android:versionName="1.0" >
6
7    <uses-sdk
8        android:minSdkVersion="23"
8-->src\main\AndroidManifest.xml
9        android:targetSdkVersion="28" />
9-->src\main\AndroidManifest.xml
10
11    <uses-permission android:name="android.permission.READ_EXTERNAL_STORAGE" />
11-->src\main\AndroidManifest.xml:4:5-80
11-->src\main\AndroidManifest.xml:4:22-77
12    <uses-permission android:name="android.permission.WRITE_EXTERNAL_STORAGE" />
12-->src\main\AndroidManifest.xml:5:5-81
12-->src\main\AndroidManifest.xml:5:22-78
13
14    <application>
14-->src\main\AndroidManifest.xml:7:5-12:19
15        <activity
15-->src\main\AndroidManifest.xml:8:9-11:52
16            android:name="com.van.fileselector.activity.DefaultSelectorActivity"
16-->src\main\AndroidManifest.xml:9:13-61
17            android:launchMode="singleTask"
17-->src\main\AndroidManifest.xml:10:13-44
18            android:screenOrientation="portrait" />
18-->src\main\AndroidManifest.xml:11:13-49
19    </application>
20
21</manifest>